<?xml version="1.0" encoding="UTF-8"?>
<!-- Generated by org.testng.reporters.JUnitXMLReporter -->
<testsuite ignored="0" hostname="LAPTOP-S5O1PRR3" failures="1" tests="3" name="Surefire test" time="16.987" errors="0" timestamp="2021-06-13T12:09:12 IST">
  <testcase classname="io.cucumber.testng.AbstractTestNGCucumberTests" name="runScenario" time="14.418">
    <failure type="java.lang.AssertionError" message="expected [true] but found [false]">
      <![CDATA[java.lang.AssertionError: expected [true] but found [false]
at stepDefs.HomePage_stepDef.verify_the_title_is(HomePage_stepDef.java:61)
at âœ½.Verify the title is "Best Buy International: Select your Country - Best Buys"(file:///C:/Users/Indraja/CucumberProject/com.mypracticeproject/src/test/resources/cucumber/features/HomePage.feature:15)
... Removed 4 stack frames]]>
    </failure>
  </testcase> <!-- runScenario -->
  <testcase classname="io.cucumber.testng.AbstractTestNGCucumberTests" name="runScenario" time="14.428"/>
  <testcase classname="io.cucumber.testng.AbstractTestNGCucumberTests" name="runScenario" time="14.928"/>
</testsuite> <!-- Surefire test -->
