<?xml version="1.0" encoding="UTF-8"?>
<!-- Generated by org.testng.reporters.JUnitXMLReporter -->
<testsuite ignored="0" hostname="LAPTOP-S5O1PRR3" failures="2" tests="3" name="Default test" time="86.972" errors="0" timestamp="2021-06-12T10:51:24 IST">
  <testcase classname="io.cucumber.testng.AbstractTestNGCucumberTests" name="runScenario" time="83.438">
    <failure type="java.lang.AssertionError" message="expected [230] but found [233]">
      <![CDATA[java.lang.AssertionError: expected [230] but found [233]
at org.testng.Assert.fail(Assert.java:99)
at org.testng.Assert.failNotEquals(Assert.java:1037)
at org.testng.Assert.assertEqualsImpl(Assert.java:140)
at org.testng.Assert.assertEquals(Assert.java:122)
at org.testng.Assert.assertEquals(Assert.java:907)
at org.testng.Assert.assertEquals(Assert.java:917)
at stepDefs.HomePage_stepDef.verify_the_count_of_links_present_on_the_homepage_is(HomePage_stepDef.java:71)
at ✽.Verify the count of links present on the homepage is "230"(file:///C:/Users/Indraja/eclipse-workspace/com.mypracticeproject/src/test/resources/cucumber/features/HomePage.feature:24)
]]>
    </failure>
  </testcase> <!-- runScenario -->
  <testcase classname="io.cucumber.testng.AbstractTestNGCucumberTests" name="runScenario" time="83.491">
    <failure type="java.lang.AssertionError" message="expected [true] but found [false]">
      <![CDATA[java.lang.AssertionError: expected [true] but found [false]
at org.testng.Assert.fail(Assert.java:99)
at org.testng.Assert.failNotEquals(Assert.java:1037)
at org.testng.Assert.assertTrue(Assert.java:45)
at org.testng.Assert.assertTrue(Assert.java:55)
at stepDefs.HomePage_stepDef.verify_the_title_is(HomePage_stepDef.java:61)
at ✽.Verify the title is "T-Mobile & Sprint merged to create the leader in 4G"(file:///C:/Users/Indraja/eclipse-workspace/com.mypracticeproject/src/test/resources/cucumber/features/HomePage.feature:6)
]]>
    </failure>
  </testcase> <!-- runScenario -->
  <testcase classname="io.cucumber.testng.AbstractTestNGCucumberTests" name="runScenario" time="83.467"/>
</testsuite> <!-- Default test -->
