<?xml version="1.0" encoding="UTF-8"?>
<testng-results ignored="0" total="3" passed="2" failed="1" skipped="0">
  <reporter-output>
  </reporter-output>
  <suite started-at="2021-06-13T12:08:55 IST" name="Surefire suite" finished-at="2021-06-13T12:09:12 IST" duration-ms="16987">
    <groups>
      <group name="cucumber">
        <method signature="AbstractTestNGCucumberTests.runScenario(io.cucumber.testng.PickleWrapper,io.cucumber.testng.FeatureWrapper)[pri:0, instance:runner.RunnerTest@79ad8b2f]" name="runScenario" class="io.cucumber.testng.AbstractTestNGCucumberTests"/>
      </group> <!-- cucumber -->
    </groups>
    <test started-at="2021-06-13T12:08:55 IST" name="Surefire test" finished-at="2021-06-13T12:09:12 IST" duration-ms="16987">
      <class name="runner.RunnerTest">
        <test-method is-config="true" signature="setUpClass()[pri:0, instance:runner.RunnerTest@79ad8b2f]" started-at="2021-06-13T12:08:55 IST" name="setUpClass" finished-at="2021-06-13T12:08:56 IST" duration-ms="423" status="PASS">
          <reporter-output>
          </reporter-output>
        </test-method> <!-- setUpClass -->
        <test-method signature="runScenario(io.cucumber.testng.PickleWrapper,io.cucumber.testng.FeatureWrapper)[pri:0, instance:runner.RunnerTest@79ad8b2f]" started-at="2021-06-13T12:08:56 IST" name="runScenario" description="Runs Cucumber Scenarios" data-provider="scenarios" finished-at="2021-06-13T12:09:10 IST" duration-ms="14428" status="PASS">
          <params>
            <param index="0">
              <value>
                <![CDATA["Best Buy HomePage Title"]]>
              </value>
            </param>
            <param index="1">
              <value>
                <![CDATA["Optional[Home Page Test]"]]>
              </value>
            </param>
          </params>
          <reporter-output>
          </reporter-output>
        </test-method> <!-- runScenario -->
        <test-method signature="runScenario(io.cucumber.testng.PickleWrapper,io.cucumber.testng.FeatureWrapper)[pri:0, instance:runner.RunnerTest@79ad8b2f]" started-at="2021-06-13T12:08:56 IST" name="runScenario" description="Runs Cucumber Scenarios" data-provider="scenarios" finished-at="2021-06-13T12:09:10 IST" duration-ms="14418" status="FAIL">
          <params>
            <param index="0">
              <value>
                <![CDATA["Best Buy HomePage Title"]]>
              </value>
            </param>
            <param index="1">
              <value>
                <![CDATA["Optional[Home Page Test]"]]>
              </value>
            </param>
          </params>
          <exception class="java.lang.AssertionError">
            <message>
              <![CDATA[expected [true] but found [false]]]>
            </message>
            <full-stacktrace>
              <![CDATA[java.lang.AssertionError: expected [true] but found [false]
at org.testng.Assert.fail(Assert.java:99)
at org.testng.Assert.failNotEquals(Assert.java:1037)
at org.testng.Assert.assertTrue(Assert.java:45)
at org.testng.Assert.assertTrue(Assert.java:55)
at stepDefs.HomePage_stepDef.verify_the_title_is(HomePage_stepDef.java:61)
at âœ½.Verify the title is "Best Buy International: Select your Country - Best Buys"(file:///C:/Users/Indraja/CucumberProject/com.mypracticeproject/src/test/resources/cucumber/features/HomePage.feature:15)
]]>
            </full-stacktrace>
          </exception> <!-- java.lang.AssertionError -->
          <reporter-output>
          </reporter-output>
        </test-method> <!-- runScenario -->
        <test-method signature="runScenario(io.cucumber.testng.PickleWrapper,io.cucumber.testng.FeatureWrapper)[pri:0, instance:runner.RunnerTest@79ad8b2f]" started-at="2021-06-13T12:08:56 IST" name="runScenario" description="Runs Cucumber Scenarios" data-provider="scenarios" finished-at="2021-06-13T12:09:10 IST" duration-ms="14928" status="PASS">
          <params>
            <param index="0">
              <value>
                <![CDATA["Best Buy HomePage Title"]]>
              </value>
            </param>
            <param index="1">
              <value>
                <![CDATA["Optional[Home Page Test]"]]>
              </value>
            </param>
          </params>
          <reporter-output>
          </reporter-output>
        </test-method> <!-- runScenario -->
        <test-method is-config="true" signature="tearDownClass()[pri:0, instance:runner.RunnerTest@79ad8b2f]" started-at="2021-06-13T12:09:10 IST" name="tearDownClass" finished-at="2021-06-13T12:09:12 IST" duration-ms="1591" status="PASS">
          <reporter-output>
          </reporter-output>
        </test-method> <!-- tearDownClass -->
      </class> <!-- runner.RunnerTest -->
    </test> <!-- Surefire test -->
  </suite> <!-- Surefire suite -->
</testng-results>
