<?xml version="1.0" encoding="UTF-8"?>
<testng-results ignored="0" total="3" passed="1" failed="2" skipped="0">
  <reporter-output>
  </reporter-output>
  <suite started-at="2021-06-12T10:49:57 IST" name="Default suite" finished-at="2021-06-12T10:51:24 IST" duration-ms="86972">
    <groups>
      <group name="cucumber">
        <method signature="AbstractTestNGCucumberTests.runScenario(io.cucumber.testng.PickleWrapper,io.cucumber.testng.FeatureWrapper)[pri:0, instance:runner.RunnerTest@6d763516]" name="runScenario" class="io.cucumber.testng.AbstractTestNGCucumberTests"/>
      </group> <!-- cucumber -->
    </groups>
    <test started-at="2021-06-12T10:49:57 IST" name="Default test" finished-at="2021-06-12T10:51:24 IST" duration-ms="86972">
      <class name="runner.RunnerTest">
        <test-method is-config="true" signature="setUpClass()[pri:0, instance:runner.RunnerTest@6d763516]" started-at="2021-06-12T10:49:57 IST" name="setUpClass" finished-at="2021-06-12T10:49:57 IST" duration-ms="414" status="PASS">
          <reporter-output>
          </reporter-output>
        </test-method> <!-- setUpClass -->
        <test-method signature="runScenario(io.cucumber.testng.PickleWrapper,io.cucumber.testng.FeatureWrapper)[pri:0, instance:runner.RunnerTest@6d763516]" started-at="2021-06-12T10:49:57 IST" name="runScenario" description="Runs Cucumber Scenarios" data-provider="scenarios" finished-at="2021-06-12T10:51:21 IST" duration-ms="83491" status="FAIL">
          <params>
            <param index="0">
              <value>
                <![CDATA["T-Mobile HomePage Title"]]>
              </value>
            </param>
            <param index="1">
              <value>
                <![CDATA["Optional[Home Page Test]"]]>
              </value>
            </param>
          </params>
          <exception class="java.lang.AssertionError">
            <message>
              <![CDATA[expected [true] but found [false]]]>
            </message>
            <full-stacktrace>
              <![CDATA[java.lang.AssertionError: expected [true] but found [false]
at org.testng.Assert.fail(Assert.java:99)
at org.testng.Assert.failNotEquals(Assert.java:1037)
at org.testng.Assert.assertTrue(Assert.java:45)
at org.testng.Assert.assertTrue(Assert.java:55)
at stepDefs.HomePage_stepDef.verify_the_title_is(HomePage_stepDef.java:61)
at ✽.Verify the title is "T-Mobile & Sprint merged to create the leader in 4G"(file:///C:/Users/Indraja/eclipse-workspace/com.mypracticeproject/src/test/resources/cucumber/features/HomePage.feature:6)
]]>
            </full-stacktrace>
          </exception> <!-- java.lang.AssertionError -->
          <reporter-output>
          </reporter-output>
        </test-method> <!-- runScenario -->
        <test-method signature="runScenario(io.cucumber.testng.PickleWrapper,io.cucumber.testng.FeatureWrapper)[pri:0, instance:runner.RunnerTest@6d763516]" started-at="2021-06-12T10:49:57 IST" name="runScenario" description="Runs Cucumber Scenarios" data-provider="scenarios" finished-at="2021-06-12T10:51:21 IST" duration-ms="83467" status="PASS">
          <params>
            <param index="0">
              <value>
                <![CDATA["T-Mobile HomePage Title"]]>
              </value>
            </param>
            <param index="1">
              <value>
                <![CDATA["Optional[Home Page Test]"]]>
              </value>
            </param>
          </params>
          <reporter-output>
          </reporter-output>
        </test-method> <!-- runScenario -->
        <test-method signature="runScenario(io.cucumber.testng.PickleWrapper,io.cucumber.testng.FeatureWrapper)[pri:0, instance:runner.RunnerTest@6d763516]" started-at="2021-06-12T10:49:57 IST" name="runScenario" description="Runs Cucumber Scenarios" data-provider="scenarios" finished-at="2021-06-12T10:51:21 IST" duration-ms="83438" status="FAIL">
          <params>
            <param index="0">
              <value>
                <![CDATA["T-Mobile HomePage Title"]]>
              </value>
            </param>
            <param index="1">
              <value>
                <![CDATA["Optional[Home Page Test]"]]>
              </value>
            </param>
          </params>
          <exception class="java.lang.AssertionError">
            <message>
              <![CDATA[expected [230] but found [233]]]>
            </message>
            <full-stacktrace>
              <![CDATA[java.lang.AssertionError: expected [230] but found [233]
at org.testng.Assert.fail(Assert.java:99)
at org.testng.Assert.failNotEquals(Assert.java:1037)
at org.testng.Assert.assertEqualsImpl(Assert.java:140)
at org.testng.Assert.assertEquals(Assert.java:122)
at org.testng.Assert.assertEquals(Assert.java:907)
at org.testng.Assert.assertEquals(Assert.java:917)
at stepDefs.HomePage_stepDef.verify_the_count_of_links_present_on_the_homepage_is(HomePage_stepDef.java:71)
at ✽.Verify the count of links present on the homepage is "230"(file:///C:/Users/Indraja/eclipse-workspace/com.mypracticeproject/src/test/resources/cucumber/features/HomePage.feature:24)
]]>
            </full-stacktrace>
          </exception> <!-- java.lang.AssertionError -->
          <reporter-output>
          </reporter-output>
        </test-method> <!-- runScenario -->
        <test-method is-config="true" signature="tearDownClass()[pri:0, instance:runner.RunnerTest@6d763516]" started-at="2021-06-12T10:51:21 IST" name="tearDownClass" finished-at="2021-06-12T10:51:24 IST" duration-ms="3002" status="PASS">
          <reporter-output>
          </reporter-output>
        </test-method> <!-- tearDownClass -->
      </class> <!-- runner.RunnerTest -->
    </test> <!-- Default test -->
  </suite> <!-- Default suite -->
</testng-results>
