<?xml version="1.0" encoding="UTF-8"?>
<!-- Generated by org.testng.reporters.JUnitReportReporter -->
<testsuite hostname="LAPTOP-S5O1PRR3" failures="2" tests="3" name="runner.RunnerTest" time="250.396" errors="0" timestamp="2021-06-12T10:51:24 IST" skipped="0">
  <testcase classname="runner.RunnerTest" name="runScenario" time="83.467"/>
  <system-out/>
  <testcase classname="runner.RunnerTest" name="runScenario" time="83.491">
    <failure message="expected [true] but found [false]" type="java.lang.AssertionError">
      <![CDATA[java.lang.AssertionError: expected [true] but found [false]
at org.testng.Assert.fail(Assert.java:99)
at org.testng.Assert.failNotEquals(Assert.java:1037)
at org.testng.Assert.assertTrue(Assert.java:45)
at org.testng.Assert.assertTrue(Assert.java:55)
at stepDefs.HomePage_stepDef.verify_the_title_is(HomePage_stepDef.java:61)
at ✽.Verify the title is "T-Mobile & Sprint merged to create the leader in 4G"(file:///C:/Users/Indraja/eclipse-workspace/com.mypracticeproject/src/test/resources/cucumber/features/HomePage.feature:6)
]]>
    </failure>
  </testcase> <!-- runScenario -->
  <system-out/>
  <testcase classname="runner.RunnerTest" name="runScenario" time="83.438">
    <failure message="expected [230] but found [233]" type="java.lang.AssertionError">
      <![CDATA[java.lang.AssertionError: expected [230] but found [233]
at org.testng.Assert.fail(Assert.java:99)
at org.testng.Assert.failNotEquals(Assert.java:1037)
at org.testng.Assert.assertEqualsImpl(Assert.java:140)
at org.testng.Assert.assertEquals(Assert.java:122)
at org.testng.Assert.assertEquals(Assert.java:907)
at org.testng.Assert.assertEquals(Assert.java:917)
at stepDefs.HomePage_stepDef.verify_the_count_of_links_present_on_the_homepage_is(HomePage_stepDef.java:71)
at ✽.Verify the count of links present on the homepage is "230"(file:///C:/Users/Indraja/eclipse-workspace/com.mypracticeproject/src/test/resources/cucumber/features/HomePage.feature:24)
]]>
    </failure>
  </testcase> <!-- runScenario -->
  <system-out/>
</testsuite> <!-- runner.RunnerTest -->
