<?xml version="1.0" encoding="UTF-8"?>
<!-- Generated by org.testng.reporters.JUnitReportReporter -->
<testsuite hostname="LAPTOP-S5O1PRR3" failures="1" tests="3" name="runner.RunnerTest" time="43.774" errors="0" timestamp="2021-06-13T12:09:12 IST" skipped="0">
  <testcase classname="runner.RunnerTest" name="runScenario" time="14.428"/>
  <system-out/>
  <testcase classname="runner.RunnerTest" name="runScenario" time="14.418">
    <failure message="expected [true] but found [false]" type="java.lang.AssertionError">
      <![CDATA[java.lang.AssertionError: expected [true] but found [false]
at org.testng.Assert.fail(Assert.java:99)
at org.testng.Assert.failNotEquals(Assert.java:1037)
at org.testng.Assert.assertTrue(Assert.java:45)
at org.testng.Assert.assertTrue(Assert.java:55)
at stepDefs.HomePage_stepDef.verify_the_title_is(HomePage_stepDef.java:61)
at âœ½.Verify the title is "Best Buy International: Select your Country - Best Buys"(file:///C:/Users/Indraja/CucumberProject/com.mypracticeproject/src/test/resources/cucumber/features/HomePage.feature:15)
]]>
    </failure>
  </testcase> <!-- runScenario -->
  <system-out/>
  <testcase classname="runner.RunnerTest" name="runScenario" time="14.928"/>
  <system-out/>
</testsuite> <!-- runner.RunnerTest -->
